0 info it worked if it ends with ok
1 verbose cli [ '/usr/bin/nodejs', '/usr/bin/npm', 'publish' ]
2 info using npm@3.5.2
3 info using node@v4.2.6
4 verbose publish [ '.' ]
5 silly cache add args [ '.', null ]
6 verbose cache add spec .
7 silly cache add parsed spec Result {
7 silly cache add   raw: '.',
7 silly cache add   scope: null,
7 silly cache add   name: null,
7 silly cache add   rawSpec: '.',
7 silly cache add   spec: '/home/artyom/projects/2captcha',
7 silly cache add   type: 'directory' }
8 verbose addLocalDirectory /home/artyom/.npm/2captchaAPI/1.0.12/package.tgz not in flight; packing
9 verbose makeDirectory /home/artyom/.npm creation not in flight; initializing
10 silly makeDirectory /home/artyom/.npm uid: 1000 gid: 1000
11 info lifecycle 2captchaAPI@1.0.12~prepublish: 2captchaAPI@1.0.12
12 silly lifecycle 2captchaAPI@1.0.12~prepublish: no script for prepublish, continuing
13 verbose tar pack [ '/home/artyom/.npm/2captchaAPI/1.0.12/package.tgz',
13 verbose tar pack   '/home/artyom/projects/2captcha' ]
14 verbose tarball /home/artyom/.npm/2captchaAPI/1.0.12/package.tgz
15 verbose folder /home/artyom/projects/2captcha
16 verbose addLocalTarball adding from inside cache /home/artyom/.npm/2captchaAPI/1.0.12/package.tgz
17 silly cache afterAdd 2captchaAPI@1.0.12
18 verbose afterAdd /home/artyom/.npm/2captchaAPI/1.0.12/package/package.json not in flight; writing
19 verbose afterAdd /home/artyom/.npm/2captchaAPI/1.0.12/package/package.json written
20 silly publish { name: '2captchaAPI',
20 silly publish   version: '1.0.12',
20 silly publish   description: 'A wrapper for the 2Captcha API',
20 silly publish   main: 'index.js',
20 silly publish   scripts: { test: 'echo "Error: no test specified" && exit 1' },
20 silly publish   keywords: [ 'captcha' ],
20 silly publish   author: { name: 'Artyom Bochkarev' },
20 silly publish   license: 'MIT',
20 silly publish   repository:
20 silly publish    { type: 'git',
20 silly publish      url: 'git+https://github.com/bochkarev-artem/2captcha.git' },
20 silly publish   readme: '# 2Captcha API wrapper for Node.js\n\nPost a captcha to the [2Captcha](https://2captcha.com/) service, then polls until the captcha is decoded.\n\n## Installation\n\n    npm install 2captcha\n\n\n## Usage\n\n\nSet up your api key:\n\n    var solver = require(\'2captcha\');\n\n    solver.setApiKey(\'xxxxxxxxxxxxxxxxxxxxxxxxxxxxxxxx\');\n\n\nDecode from a url, with a 10 seconds polling interval: (default = 2000ms)\n\n    solver.decodeUrl(url, {pollingInterval: 10000}, function(err, result, invalid) {\n        console.log(result.text);\n    });\n\nDecode reCaptcha, with a 10 seconds polling interval: (default = 2000ms)\n\n    solver.decodeReCaptcha(captcha, pageUrl, {pollingInterval: 10000}, function(err, result, invalid) {\n        console.log(result.text);\n    });\n\nDecode from a url retrying 5 times if invalid is called (default = 3)\n\n    solver.decodeUrl(url, {retries: 5}, function(err, result, invalid) {\n        if(!checkIfCaptchaIsValid(result.text)){\n        \treturn invalid();\n        }\n    });\n\n',
20 silly publish   readmeFilename: 'readme.md',
20 silly publish   gitHead: '81de7988534326fa5dfd6f16c1ccef9216178d28',
20 silly publish   bugs: { url: 'https://github.com/bochkarev-artem/2captcha/issues' },
20 silly publish   homepage: 'https://github.com/bochkarev-artem/2captcha#readme',
20 silly publish   _id: '2captchaAPI@1.0.12',
20 silly publish   _shasum: 'd9c2c706657108046d1fbab9ffa74aa696bd12ec',
20 silly publish   _from: '.' }
21 verbose getPublishConfig undefined
22 silly mapToRegistry name 2captchaAPI
23 silly mapToRegistry using default registry
24 silly mapToRegistry registry https://registry.npmjs.org/
25 silly mapToRegistry uri https://registry.npmjs.org/2captchaAPI
26 verbose publish registryBase https://registry.npmjs.org/
27 silly publish uploading /home/artyom/.npm/2captchaAPI/1.0.12/package.tgz
28 verbose request uri https://registry.npmjs.org/2captchaAPI
29 verbose request sending authorization for write operation
30 info attempt registry request try #1 at 12:22:43 PM
31 verbose request using bearer token for auth
32 verbose request id a1da481ee81ed7a2
33 http request PUT https://registry.npmjs.org/2captchaAPI
34 http 400 https://registry.npmjs.org/2captchaAPI
35 verbose headers { 'content-type': 'application/json',
35 verbose headers   'cache-control': 'max-age=300',
35 verbose headers   'content-length': '55',
35 verbose headers   'accept-ranges': 'bytes',
35 verbose headers   date: 'Mon, 07 Aug 2017 09:22:55 GMT',
35 verbose headers   via: '1.1 varnish',
35 verbose headers   connection: 'keep-alive',
35 verbose headers   'x-served-by': 'cache-bma7031-BMA',
35 verbose headers   'x-cache': 'MISS',
35 verbose headers   'x-cache-hits': '0',
35 verbose headers   'x-timer': 'S1502097764.726555,VS0,VE11304',
35 verbose headers   vary: 'Accept-Encoding, Accept' }
36 verbose request invalidating /home/artyom/.npm/registry.npmjs.org/2captchaAPI on PUT
37 error publish Failed PUT 400
38 verbose stack Error: "2captchaAPI" is invalid for new packages : 2captchaAPI
38 verbose stack     at makeError (/usr/share/npm/node_modules/npm-registry-client/lib/request.js:264:12)
38 verbose stack     at CachingRegistryClient.<anonymous> (/usr/share/npm/node_modules/npm-registry-client/lib/request.js:252:14)
38 verbose stack     at Request._callback (/usr/share/npm/node_modules/npm-registry-client/lib/request.js:172:14)
38 verbose stack     at Request.self.callback (/usr/share/npm/node_modules/request/request.js:198:22)
38 verbose stack     at emitTwo (events.js:87:13)
38 verbose stack     at Request.emit (events.js:172:7)
38 verbose stack     at Request.<anonymous> (/usr/share/npm/node_modules/request/request.js:1082:10)
38 verbose stack     at emitOne (events.js:82:20)
38 verbose stack     at Request.emit (events.js:169:7)
38 verbose stack     at IncomingMessage.<anonymous> (/usr/share/npm/node_modules/request/request.js:1009:12)
39 verbose statusCode 400
40 verbose pkgid 2captchaAPI
41 verbose cwd /home/artyom/projects/2captcha
42 error Linux 4.4.0-53-generic
43 error argv "/usr/bin/nodejs" "/usr/bin/npm" "publish"
44 error node v4.2.6
45 error npm  v3.5.2
46 error code E400
47 error "2captchaAPI" is invalid for new packages : 2captchaAPI
48 error If you need help, you may report this error at:
48 error     <https://github.com/npm/npm/issues>
49 verbose exit [ 1, true ]
